<?xml version="1.0" encoding="UTF-8"?><testsuite failures="1" name="cucumber.runtime.formatter.JUnitFormatter" skipped="0" tests="1" time="0">
<testcase classname="smoketest of the gmail page" name="verify the drafts link" time="0">
<failure message="The scenario has pending or undefined step(s)"><![CDATA[Given click on the drafts ilink.............................................undefined
When is there eany msg or not...............................................undefined
]]></failure>
</testcase>
</testsuite>
